2024-12-17 14:00:47,569 - INFO - Anonymized telemetry enabled. See                     https://docs.trychroma.com/telemetry for more information.
2024-12-17 14:01:50,906 - INFO - User Ajay Sahu registered successfully.
2024-12-17 14:02:57,287 - WARNING - Add of existing embedding ID: 883_0
2024-12-17 14:02:57,288 - WARNING - Add of existing embedding ID: 883_1
2024-12-17 14:02:57,288 - WARNING - Add of existing embedding ID: 883_2
2024-12-17 14:02:57,289 - WARNING - Add of existing embedding ID: 883_3
2024-12-17 14:02:57,289 - WARNING - Add of existing embedding ID: 883_4
2024-12-17 14:02:57,290 - WARNING - Add of existing embedding ID: 883_5
2024-12-17 14:03:01,234 - INFO - User Ajay Sahu queried: Tell about this property
2024-12-17 14:03:01,235 - INFO - Response: Halley House is a Nashville property located in the Jolene building across the Cumberland River from downtown.  It offers convenient access to restaurants, shopping, bars, wineries, nightlife, and attractions such as the Grand Ole Opry, Centennial Park, and the Adventure Science Center.

The house itself features a cozy interior with an open floor plan, including a living room with a smart TV, a modern kitchen with stainless steel appliances, and a dining table for four.  Sleeping arrangements accommodate six guests with a king-size bed in Bedroom #1, a king-size bed and ensuite bathroom in Bedroom #2, and a queen-size sleeper sofa in the living room.

Outdoor amenities include a rooftop terrace with a firepit, offering breathtaking views and cool evening breezes.  Parking is available for one vehicle in a parking garage, with street parking potentially available as well.  A dumpster is provided for trash disposal.

The unit (302) is accessed via a communal door (code 273 86 96) and an electronic lock on the unit door (code 705 06 71, activated at 4 PM).  Detailed driving directions are provided in the listing.

Overall, Halley House presents a comfortable and convenient location for exploring Nashville.


If you require further information or assistance, please visit https://neovisconsulting.co.mz/contacts/ or contact us via WhatsApp at +258 9022049092.  I can also transfer you to a real representative if needed.

2024-12-17 14:04:20,864 - INFO - User Ajay Sahu queried: Address of this property
2024-12-17 14:04:20,865 - INFO - Response: The address of the property is Halley House, 815 Main St., Nashville, TN 37206.  The unit number is 302.

For further assistance, please visit https://neovisconsulting.co.mz/contacts/ or contact us via WhatsApp at +258 9022049092.  I can also connect you with a live representative if you prefer.

2024-12-17 14:04:42,692 - INFO - User Ajay Sahu queried: Please transfer my call to chat team
2024-12-17 14:04:42,693 - INFO - Response: I am sorry, but I do not have the functionality to transfer your chat to a live team at this time.  However, you can contact them directly by visiting https://neovisconsulting.co.mz/contacts/ or contacting us via WhatsApp at +258 9022049092.

2024-12-17 14:06:05,679 - INFO - Anonymized telemetry enabled. See                     https://docs.trychroma.com/telemetry for more information.
2024-12-17 14:06:14,182 - INFO - Anonymized telemetry enabled. See                     https://docs.trychroma.com/telemetry for more information.
2024-12-17 14:07:02,546 - WARNING - Add of existing embedding ID: 883_0
2024-12-17 14:07:02,547 - WARNING - Add of existing embedding ID: 883_1
2024-12-17 14:07:02,548 - WARNING - Add of existing embedding ID: 883_2
2024-12-17 14:07:02,549 - WARNING - Add of existing embedding ID: 883_3
2024-12-17 14:07:02,550 - WARNING - Add of existing embedding ID: 883_4
2024-12-17 14:07:02,550 - WARNING - Add of existing embedding ID: 883_5
2024-12-17 14:07:04,263 - INFO - Call transferred to the customer service team successfully!
2024-12-17 14:07:04,278 - INFO - User Ajay Sahu queried: Transfer my call to customer service team
2024-12-17 14:07:04,278 - INFO - Response: Call transferred to the customer service team successfully!
2024-12-17 15:42:04,052 - INFO - Anonymized telemetry enabled. See                     https://docs.trychroma.com/telemetry for more information.
2024-12-17 16:33:28,860 - WARNING - Add of existing embedding ID: 844_0
2024-12-17 16:33:28,865 - WARNING - Add of existing embedding ID: 844_1
2024-12-17 16:33:28,866 - WARNING - Add of existing embedding ID: 844_2
2024-12-17 16:33:28,868 - WARNING - Add of existing embedding ID: 844_3
2024-12-17 16:33:28,869 - WARNING - Add of existing embedding ID: 844_4
2024-12-17 16:33:28,870 - WARNING - Add of existing embedding ID: 844_5
2024-12-17 16:33:28,872 - WARNING - Add of existing embedding ID: 844_6
2024-12-17 16:33:28,873 - WARNING - Add of existing embedding ID: 844_7
2024-12-17 16:33:33,760 - INFO - User Aryakumar Jaiswal queried: Tell me about this propert
2024-12-17 16:33:33,761 - INFO - Response: Rhapsody is a stylish home located in the Cleveland Park section of East Nashville, less than 3 miles from downtown.  It offers a blend of convenience and comfort.

**Key Features:**

* **Sleeping Arrangements:** Sleeps up to 10 guests in four bedrooms.  The primary suite has a king bed and en-suite bathroom; bedrooms two and three have queen beds sharing a Jack and Jill bathroom; and bedroom four (an office) has a twin-size futon. There's also a half-bathroom on the first floor.
* **Kitchen:** Features white shaker cabinets, granite countertops, stainless steel appliances, and a center island with seating for four.  It's fully equipped with a blender, coffee maker, toaster, and other essentials.
* **Living Space:** Includes a Smart TV, electric fireplace, and a spacious sectional sofa sleeper (accommodates 3).  The dining area seats 6-7 guests.
* **Outdoor Amenities:**  A fenced-in backyard with a gas grill, fire pit, and seating (shared with a long-term renter in a separate back unit).
* **Location:**  Convenient location near East Nashville's cafes, shops, and restaurants, and a short drive (7 minutes) from downtown Nashville's bars, restaurants, shops, and live music venues.
* **Parking:** Street parking is available on a first-come, first-served basis.
* **Access:** Keyless entry with a provided code.


For additional information or to book, please visit https://neovisconsulting.co.mz/contacts/ or contact us via WhatsApp at +258 9022049092.  If you require assistance from a real representative, please let me know, and I can transfer you.

2024-12-17 16:52:15,133 - INFO - User Harsh Shukla registered successfully.
2024-12-17 16:52:47,875 - INFO - User Harsh Shukla queried: Tell me about this property
2024-12-17 16:52:47,876 - INFO - Response: Rhapsody is a chic and stylish home located in the Cleveland Park area of East Nashville, Tennessee.  Its prime location offers easy access to both the vibrant city life of downtown Nashville and the peaceful retreat of its neighborhood.

**Key Features:**

* **Location:** Less than 3 miles from downtown Nashville.  Easy access to East Nashville's local shops and restaurants, and a short drive to major attractions like the Country Music Hall of Fame, Johnny Cash Museum, Nashville Farmers' Market, Grand Ole Opry, and Belle Meade Historic Site & Winery.
* **Accommodation:** Sleeps up to 10 guests.  Features four bedrooms: a primary suite with a king bed and en-suite bathroom (double vanity, walk-in shower); two bedrooms with queen beds sharing a Jack and Jill bathroom (dual sinks, shower/tub combo); and an office space with a twin-size futon.  There is also a half-bathroom on the main floor.
* **Kitchen:** A fully equipped open kitchen boasts white shaker cabinets, granite countertops, stainless steel appliances, a center island with four stools, and a dining table seating 6-7 guests.
* **Living Area:**  A bright and airy living space includes a Smart TV, electric fireplace, and a spacious sectional sofa sleeper (sleeps 3).
* **Outdoor Space:** A fenced backyard (shared with a long-term renter in a separate unit) features a gas grill and fire pit with seating.
* **Parking:** Street parking is available on a first-come, first-served basis.
* **Access:** Keyless entry using a provided code (backup code: 005587***).  Trash pickup is on Tuesdays.


For more details or to book, please visit https://neovisconsulting.co.mz/contacts/ or contact us via WhatsApp at +258 9022049092.  I can also connect you with a live representative if needed.

2024-12-17 16:53:11,760 - WARNING - Add of existing embedding ID: 845_0
2024-12-17 16:53:11,762 - WARNING - Add of existing embedding ID: 845_1
2024-12-17 16:53:11,762 - WARNING - Add of existing embedding ID: 845_2
2024-12-17 16:53:11,763 - WARNING - Add of existing embedding ID: 845_3
2024-12-17 16:53:11,763 - WARNING - Add of existing embedding ID: 845_4
2024-12-17 16:53:11,764 - WARNING - Add of existing embedding ID: 845_5
2024-12-17 16:53:11,765 - WARNING - Add of existing embedding ID: 845_6
2024-12-17 16:53:14,830 - INFO - User Harsh Shukla queried: Tell me about this property
2024-12-17 16:53:14,831 - INFO - Response: This charming bungalow is located in the trendy East Nashville district, a short 10-minute drive from downtown Nashville.  It offers a convenient location with nearby bars, dining, and shopping options within walking distance.

**Key Features:**

* **Location:** East Nashville, a 10-minute drive from downtown Nashville.
* **Accommodation:** Sleeps up to 9 guests in 4 bedrooms and 2.5 bathrooms.  The main floor includes a master bedroom with a king bed and en-suite bathroom, and an office space with a king-sized bed. Upstairs, there are two more bedrooms (one with a queen bed, one with two twin beds), a loft space with additional sleeping arrangements, and a full bathroom.
* **Interior:** Features hardwood floors throughout, an updated kitchen with granite countertops and stainless steel appliances, ample counter space, and a mudroom.  The living room has a Smart TV.
* **Exterior:**  Enticing curb appeal with a white picket fence, a front porch, and a back patio with seating.
* **Parking:**  Street parking and parking in a private alley behind the house (first-come, first-served).
* **Amenities:** Washer and dryer available for guest use.
* **Rules:** No pets allowed. No smoking allowed ($300 fine for violation). Quiet hours are between 10:00 PM and 7:00 AM. Parties and loud noise are not permitted.
* **Trash:** Trash pickup is on Mondays.


For more information or to book, please visit https://neovisconsulting.co.mz/contacts/ or contact us via WhatsApp at +258 9022049092.  I can also connect you with a live representative if you prefer.


2024-12-17 17:07:44,357 - INFO - User Harsh Shukla queried: Tell me about this property
2024-12-17 17:07:44,375 - INFO - Response: This charming two-level bungalow is situated in the trendy East Nashville district, offering a convenient location just a 10-minute drive from downtown Nashville.  Its proximity to local bars, restaurants, and shops makes it an ideal vacation spot.

Here's a summary of the property's features:

* **Location:** East Nashville, Tennessee – a 10-minute drive from downtown Nashville.  Walking distance to local amenities.
* **Accommodation:**  Sleeps up to 9 guests comfortably in 4 bedrooms and 2.5 bathrooms.  The main floor features a master bedroom with a king-size bed and en-suite bathroom, plus an office space with a king-size bed.  Upstairs, you'll find two additional bedrooms (one queen, one with two twin beds), a loft area offering extra sleeping space, and a full bathroom.
* **Interior:**  The home boasts hardwood floors throughout, a modern kitchen with granite countertops and stainless steel appliances, ample counter space, and a convenient mudroom. The living room is equipped with a Smart TV.
* **Exterior:**  The bungalow has attractive curb appeal, featuring a white picket fence, a front porch perfect for relaxation, and a back patio ideal for outdoor dining.
* **Parking:**  Parking is available on the street and in a private alley behind the house (first-come, first-served).
* **Amenities:**  A washer and dryer are provided for guest use.
* **Rules & Regulations:**  No pets or smoking are allowed.  A $300 fine will be imposed for any violations. Quiet hours are observed between 10:00 PM and 7:00 AM.  Parties and loud noise are prohibited.
* **Trash:** Trash is collected on Mondays.


To learn more or make a reservation, please visit https://neovisconsulting.co.mz/contacts/ or contact us via WhatsApp at +258 9022049092. You can also request to speak with a live representative if you need further assistance.

2024-12-17 17:33:07,176 - INFO - Anonymized telemetry enabled. See                     https://docs.trychroma.com/telemetry for more information.
2024-12-17 17:33:19,685 - INFO - Anonymized telemetry enabled. See                     https://docs.trychroma.com/telemetry for more information.
2024-12-17 17:33:29,290 - INFO - Anonymized telemetry enabled. See                     https://docs.trychroma.com/telemetry for more information.
2024-12-17 17:34:36,560 - WARNING - Add of existing embedding ID: 845_0
2024-12-17 17:34:36,561 - WARNING - Add of existing embedding ID: 845_1
2024-12-17 17:34:36,564 - WARNING - Add of existing embedding ID: 845_2
2024-12-17 17:34:36,565 - WARNING - Add of existing embedding ID: 845_3
2024-12-17 17:34:36,566 - WARNING - Add of existing embedding ID: 845_4
2024-12-17 17:34:36,566 - WARNING - Add of existing embedding ID: 845_5
2024-12-17 17:34:36,567 - WARNING - Add of existing embedding ID: 845_6
2024-12-17 17:34:38,776 - INFO - User Harsh Shukla queried: Tell me about this propert
2024-12-17 17:34:38,776 - INFO - Response: This property is a charming bungalow located a short 10-minute drive from downtown Nashville, in the trendy east Nashville district.  It's within walking distance of bars, dining, and shopping.  The home features a white picket fence, front porch, and back patio with seating. Inside, there are two levels with a Queen bed, a bedroom with two twin beds, and another with a full bed.  Amenities include a washer and dryer. Street parking and private alley parking are available.  No pets or smoking are allowed (a $300 fine applies for violations), and quiet hours are from 10 pm to 7 am.  The property uses a keyless lock for entry.


For more information or to book this property, please contact us. You can visit https://neovisconsulting.co.mz/contacts/ or contact us via WhatsApp at +258 9022049092.  If you require assistance, we can transfer you to a real representative.

2024-12-17 17:34:57,663 - INFO - User Harsh Shukla queried: Tell me about this property
2024-12-17 17:34:57,664 - INFO - Response: This property is a charming bungalow in the trendy East Nashville district, a short 10-minute drive from downtown Nashville.  It features hardwood floors throughout, a Smart TV in the living room, and an updated kitchen with granite countertops and stainless steel appliances.  There's also a mudroom.  Sleeping arrangements include four bedrooms and two and a half bathrooms, accommodating up to nine guests. The bedrooms include a king-sized bed in the master suite (on the first floor) and additional bedrooms with a queen, two twins, and a full bed. The home includes a first-floor office space with a king-sized bed, as well as a second-floor loft space. Outdoor features include a white picket fence, a front porch, and a back patio.  Amenities include a washer and dryer.  Street parking and private alley parking are available.  No pets or smoking are allowed (a $300 fine will be imposed for violations), and quiet hours are between 10 pm and 7 am.


For more information or to book this property, please contact us. You can visit https://neovisconsulting.co.mz/contacts/ or contact us via WhatsApp at +258 9022049092. If you require assistance, we can transfer you to a real representative.

2024-12-17 17:36:45,074 - INFO - Anonymized telemetry enabled. See                     https://docs.trychroma.com/telemetry for more information.
2024-12-17 17:36:55,022 - INFO - Anonymized telemetry enabled. See                     https://docs.trychroma.com/telemetry for more information.
2024-12-17 17:37:38,414 - WARNING - Add of existing embedding ID: 845_0
2024-12-17 17:37:38,415 - WARNING - Add of existing embedding ID: 845_1
2024-12-17 17:37:38,415 - WARNING - Add of existing embedding ID: 845_2
2024-12-17 17:37:38,416 - WARNING - Add of existing embedding ID: 845_3
2024-12-17 17:37:38,417 - WARNING - Add of existing embedding ID: 845_4
2024-12-17 17:37:38,417 - WARNING - Add of existing embedding ID: 845_5
2024-12-17 17:37:38,419 - WARNING - Add of existing embedding ID: 845_6
2024-12-17 17:37:42,270 - INFO - User Harsh Shukla queried: Tell me about the prooperty
2024-12-17 17:37:42,270 - INFO - Response: The property, Villa Everly, is located at 1125 Sharpe Ave, Nashville, TN 37208.  It features hardwood floors throughout, a living room with a Smart TV, and an updated kitchen with granite countertops and stainless steel appliances.  There's also a mudroom for storage.

Sleeping arrangements accommodate up to 9 guests with 4 bedrooms and 2.5 bathrooms. The first floor includes a master bedroom with a king-sized bed and an office space with a king-sized bed. The second floor offers 2 bedrooms, a loft space with additional sleeping, and a full bathroom. The master bedroom has an en-suite bathroom.  Bedroom #2's bed size is not specified in the provided information.

Parking is first-come, first-served. Access to Unit B is via a keyless lock with a provided code (which activates at 4 pm).  The door does not lock automatically, so manual locking is required upon departure.  A backup keyless entry code is 005587.  Trash is collected on Mondays.


For further information or assistance, please visit https://neovisconsulting.co.mz/contacts/ or contact us via WhatsApp at +258 9022049092.  If you require assistance from a real representative, please let me know, and I can transfer you.

2024-12-17 17:38:13,559 - INFO - Anonymized telemetry enabled. See                     https://docs.trychroma.com/telemetry for more information.
2024-12-17 17:38:29,348 - INFO - Anonymized telemetry enabled. See                     https://docs.trychroma.com/telemetry for more information.
2024-12-17 17:38:44,809 - INFO - Anonymized telemetry enabled. See                     https://docs.trychroma.com/telemetry for more information.
2024-12-17 17:38:59,411 - INFO - Anonymized telemetry enabled. See                     https://docs.trychroma.com/telemetry for more information.
2024-12-17 17:39:09,406 - INFO - Anonymized telemetry enabled. See                     https://docs.trychroma.com/telemetry for more information.
2024-12-17 17:39:24,669 - INFO - Anonymized telemetry enabled. See                     https://docs.trychroma.com/telemetry for more information.
2024-12-17 17:39:37,694 - INFO - Anonymized telemetry enabled. See                     https://docs.trychroma.com/telemetry for more information.
2024-12-17 17:39:49,430 - INFO - Anonymized telemetry enabled. See                     https://docs.trychroma.com/telemetry for more information.
2024-12-17 17:40:00,161 - INFO - Anonymized telemetry enabled. See                     https://docs.trychroma.com/telemetry for more information.
2024-12-17 17:40:11,781 - INFO - Anonymized telemetry enabled. See                     https://docs.trychroma.com/telemetry for more information.
2024-12-17 17:40:25,706 - INFO - Anonymized telemetry enabled. See                     https://docs.trychroma.com/telemetry for more information.
2024-12-17 17:40:37,482 - INFO - Anonymized telemetry enabled. See                     https://docs.trychroma.com/telemetry for more information.
2024-12-17 17:40:50,294 - INFO - Anonymized telemetry enabled. See                     https://docs.trychroma.com/telemetry for more information.
2024-12-17 17:41:02,773 - INFO - Anonymized telemetry enabled. See                     https://docs.trychroma.com/telemetry for more information.
